This file contains any messages produced by compilers while
running configure, to aid debugging if configure makes a mistake.

It was created by click-FTSFC configure 2.0.1, which was
generated by GNU Autoconf 2.68.  Invocation command line was

  $ ./configure 

## --------- ##
## Platform. ##
## --------- ##

hostname = ftsfc-h2
uname -m = x86_64
uname -r = 3.2.0-61-virtual
uname -s = Linux
uname -v = #93-Ubuntu SMP Fri May 2 21:54:33 UTC 2014

/usr/bin/uname -p = unknown
/bin/uname -X     = unknown

/bin/arch              = unknown
/usr/bin/arch -k       = unknown
/usr/convex/getsysinfo = unknown
/usr/bin/hostinfo      = unknown
/bin/machine           = unknown
/usr/bin/oslevel       = unknown
/bin/universe          = unknown

PATH: /usr/local/sbin
PATH: /usr/local/bin
PATH: /usr/sbin
PATH: /usr/bin
PATH: /sbin
PATH: /bin


## ----------- ##
## Core tests. ##
## ----------- ##

configure:1896: creating ./config.status

## ---------------------- ##
## Running config.status. ##
## ---------------------- ##

This file was extended by click-FTSFC config.status 2.0.1, which was
generated by GNU Autoconf 2.68.  Invocation command line was

  CONFIG_FILES    = 
  CONFIG_HEADERS  = 
  CONFIG_LINKS    = 
  CONFIG_COMMANDS = 
  $ ./config.status 

on ftsfc-h2

config.status:731: creating Makefile

## ---------------- ##
## Cache variables. ##
## ---------------- ##

ac_cv_env_build_alias_set=
ac_cv_env_build_alias_value=
ac_cv_env_host_alias_set=
ac_cv_env_host_alias_value=
ac_cv_env_target_alias_set=
ac_cv_env_target_alias_value=

## ----------------- ##
## Output variables. ##
## ----------------- ##

BUILD_BSDMODULE='0'
BUILD_LINUXMODULE='0'
BUILD_USERLEVEL='1'
CLICKPACKAGENAME='FTSFC'
DEFS='-DPACKAGE_NAME=\"click-FTSFC\" -DPACKAGE_TARNAME=\"click-ftsfc\" -DPACKAGE_VERSION=\"2.0.1\" -DPACKAGE_STRING=\"click-FTSFC\ 2.0.1\" -DPACKAGE_BUGREPORT=\"\" -DPACKAGE_URL=\"\"'
ECHO_C=''
ECHO_N='-n'
ECHO_T=''
LIBOBJS=''
LIBS=''
LTLIBOBJS=''
PACKAGE_BUGREPORT=''
PACKAGE_NAME='click-FTSFC'
PACKAGE_STRING='click-FTSFC 2.0.1'
PACKAGE_TARNAME='click-ftsfc'
PACKAGE_URL=''
PACKAGE_VERSION='2.0.1'
PATH_SEPARATOR=':'
SHELL='/bin/bash'
ac_configure_args=''
bindir='${exec_prefix}/bin'
build_alias=''
clickbuild_datadir='/usr/local/share/click'
clickbuild_prefix='/usr/local'
datadir='${datarootdir}'
datarootdir='${prefix}/share'
docdir='${datarootdir}/doc/${PACKAGE_TARNAME}'
dvidir='${docdir}'
exec_prefix='${prefix}'
host_alias=''
htmldir='${docdir}'
includedir='${prefix}/include'
infodir='${datarootdir}/info'
libdir='${exec_prefix}/lib'
libexecdir='${exec_prefix}/libexec'
localedir='${datarootdir}/locale'
localstatedir='${prefix}/var'
mandir='${datarootdir}/man'
oldincludedir='/usr/include'
pdfdir='${docdir}'
prefix='/usr/local'
program_transform_name='s,x,x,'
psdir='${docdir}'
sbindir='${exec_prefix}/sbin'
sharedstatedir='${prefix}/com'
sysconfdir='${prefix}/etc'
target_alias=''

## ----------- ##
## confdefs.h. ##
## ----------- ##

/* confdefs.h */
#define PACKAGE_NAME "click-FTSFC"
#define PACKAGE_TARNAME "click-ftsfc"
#define PACKAGE_VERSION "2.0.1"
#define PACKAGE_STRING "click-FTSFC 2.0.1"
#define PACKAGE_BUGREPORT ""
#define PACKAGE_URL ""

configure: exit 0
